2023-12-29 15:22:37 - Neovide panicked with the message 'Focus Gained Failed: NeovimError(Some(0), "FocusGained Autocommands for \"*\": Vim(checktime):E11: Invalid in command-line window; <CR> executes, CTRL-C quits: checktime")'. (File: src/bridge/ui_commands.rs; Line: 147, Column: 18)
   0: <unknown>
   1: <unknown>
   2: <unknown>
   3: <unknown>
   4: <unknown>
   5: <unknown>
   6: <unknown>
   7: <unknown>
   8: <unknown>
   9: <unknown>
  10: <unknown>
  11: <unknown>
  12: <unknown>
  13: <unknown>
  14: <unknown>
  15: <unknown>

2023-12-29 15:22:37 - Neovide panicked with the message 'Focus Gained Failed: NeovimError(Some(0), "FocusGained Autocommands for \"*\": Vim(checktime):E11: Invalid in command-line window; <CR> executes, CTRL-C quits: checktime")'. (File: src/bridge/ui_commands.rs; Line: 147, Column: 18)
   0: <unknown>
   1: <unknown>
   2: <unknown>
   3: <unknown>
   4: <unknown>
   5: <unknown>
   6: <unknown>
   7: <unknown>
   8: <unknown>
   9: <unknown>
  10: <unknown>
  11: <unknown>
  12: <unknown>
  13: <unknown>
  14: <unknown>
  15: <unknown>

2024-01-13 15:38:09 - Neovide panicked with the message 'Could not create surface'. (File: src/renderer/rendered_window.rs; Line: 82, Column: 6)
   0: <unknown>
   1: <unknown>
   2: <unknown>
   3: <unknown>
   4: <unknown>
   5: <unknown>
   6: <unknown>
   7: <unknown>
   8: <unknown>
   9: <unknown>
  10: <unknown>
  11: <unknown>
  12: <unknown>
  13: <unknown>
  14: <unknown>
  15: <unknown>
  16: <unknown>
  17: <unknown>
  18: <unknown>
  19: <unknown>
  20: <unknown>
  21: __libc_start_main
  22: <unknown>

2024-01-13 15:38:37 - Neovide panicked with the message 'Could not create surface'. (File: src/renderer/rendered_window.rs; Line: 82, Column: 6)
   0: <unknown>
   1: <unknown>
   2: <unknown>
   3: <unknown>
   4: <unknown>
   5: <unknown>
   6: <unknown>
   7: <unknown>
   8: <unknown>
   9: <unknown>
  10: <unknown>
  11: <unknown>
  12: <unknown>
  13: <unknown>
  14: <unknown>
  15: <unknown>
  16: <unknown>
  17: <unknown>
  18: <unknown>
  19: <unknown>
  20: <unknown>
  21: __libc_start_main
  22: <unknown>

2024-01-13 16:02:51 - Neovide panicked with the message 'Could not create surface'. (File: src/renderer/rendered_window.rs; Line: 82, Column: 6)
   0: <unknown>
   1: <unknown>
   2: <unknown>
   3: <unknown>
   4: <unknown>
   5: <unknown>
   6: <unknown>
   7: <unknown>
   8: <unknown>
   9: <unknown>
  10: <unknown>
  11: <unknown>
  12: <unknown>
  13: <unknown>
  14: <unknown>
  15: <unknown>
  16: <unknown>
  17: <unknown>
  18: <unknown>
  19: <unknown>
  20: <unknown>
  21: __libc_start_main
  22: <unknown>

2024-01-13 16:03:17 - Neovide panicked with the message 'Could not create surface'. (File: src/renderer/rendered_window.rs; Line: 82, Column: 6)
   0: <unknown>
   1: <unknown>
   2: <unknown>
   3: <unknown>
   4: <unknown>
   5: <unknown>
   6: <unknown>
   7: <unknown>
   8: <unknown>
   9: <unknown>
  10: <unknown>
  11: <unknown>
  12: <unknown>
  13: <unknown>
  14: <unknown>
  15: <unknown>
  16: <unknown>
  17: <unknown>
  18: <unknown>
  19: <unknown>
  20: <unknown>
  21: __libc_start_main
  22: <unknown>

2024-01-13 20:44:07 - Neovide panicked with the message 'Could not create surface'. (File: src/renderer/rendered_window.rs; Line: 82, Column: 6)
   0: <unknown>
   1: <unknown>
   2: <unknown>
   3: <unknown>
   4: <unknown>
   5: <unknown>
   6: <unknown>
   7: <unknown>
   8: <unknown>
   9: <unknown>
  10: <unknown>
  11: <unknown>
  12: <unknown>
  13: <unknown>
  14: <unknown>
  15: <unknown>
  16: <unknown>
  17: <unknown>
  18: <unknown>
  19: <unknown>
  20: <unknown>
  21: __libc_start_main
  22: <unknown>

